2026-03-21 08:52:59 [background-preinit] INFO  o.h.validator.internal.util.Version - HV000001: Hibernate Validator 8.0.3.Final
2026-03-21 08:52:59 [main] INFO  com.project.demo.ShopappApplication - Starting ShopappApplication using Java 17.0.12 with PID 1620 (C:\Users\Admin\Desktop\rikkeiMD4\session12\demo\target\classes started by Admin in C:\Users\Admin\Desktop\rikkeiMD4\session12\demo)
2026-03-21 08:52:59 [main] DEBUG com.project.demo.ShopappApplication - Running with Spring Boot v3.5.9, Spring v6.2.15
2026-03-21 08:52:59 [main] INFO  com.project.demo.ShopappApplication - No active profile set, falling back to 1 default profile: "default"
2026-03-21 08:53:00 [main] INFO  o.s.d.r.c.RepositoryConfigurationDelegate - Bootstrapping Spring Data JPA repositories in DEFAULT mode.
2026-03-21 08:53:00 [main] INFO  o.s.d.r.c.RepositoryConfigurationDelegate - Finished Spring Data repository scanning in 90 ms. Found 2 JPA repository interfaces.
2026-03-21 08:53:01 [main] INFO  o.s.b.w.e.tomcat.TomcatWebServer - Tomcat initialized with port 8080 (http)
2026-03-21 08:53:01 [main] INFO  o.a.coyote.http11.Http11NioProtocol - Initializing ProtocolHandler ["http-nio-8080"]
2026-03-21 08:53:01 [main] INFO  o.a.catalina.core.StandardService - Starting service [Tomcat]
2026-03-21 08:53:01 [main] INFO  o.a.catalina.core.StandardEngine - Starting Servlet engine: [Apache Tomcat/10.1.50]
2026-03-21 08:53:01 [main] INFO  o.a.c.c.C.[Tomcat].[localhost].[/] - Initializing Spring embedded WebApplicationContext
2026-03-21 08:53:01 [main] INFO  o.s.b.w.s.c.ServletWebServerApplicationContext - Root WebApplicationContext: initialization completed in 2069 ms
2026-03-21 08:53:01 [main] INFO  o.h.jpa.internal.util.LogHelper - HHH000204: Processing PersistenceUnitInfo [name: default]
2026-03-21 08:53:01 [main] INFO  org.hibernate.Version - HHH000412: Hibernate ORM core version 6.6.39.Final
2026-03-21 08:53:01 [main] INFO  o.h.c.i.RegionFactoryInitiator - HHH000026: Second-level cache disabled
2026-03-21 08:53:02 [main] INFO  o.s.o.j.p.SpringPersistenceUnitInfo - No LoadTimeWeaver setup: ignoring JPA class transformer
2026-03-21 08:53:02 [main] INFO  com.zaxxer.hikari.HikariDataSource - HikariPool-1 - Starting...
2026-03-21 08:53:02 [main] INFO  com.zaxxer.hikari.pool.HikariPool - HikariPool-1 - Added connection org.postgresql.jdbc.PgConnection@77e9dca8
2026-03-21 08:53:02 [main] INFO  com.zaxxer.hikari.HikariDataSource - HikariPool-1 - Start completed.
2026-03-21 08:53:02 [main] WARN  org.hibernate.orm.deprecation - HHH90000025: PostgreSQLDialect does not need to be specified explicitly using 'hibernate.dialect' (remove the property setting and it will be selected by default)
2026-03-21 08:53:02 [main] INFO  o.hibernate.orm.connections.pooling - HHH10001005: Database info:
	Database JDBC URL [Connecting through datasource 'HikariDataSource (HikariPool-1)']
	Database driver: undefined/unknown
	Database version: 15.15
	Autocommit mode: undefined/unknown
	Isolation level: undefined/unknown
	Minimum pool size: undefined/unknown
	Maximum pool size: undefined/unknown
2026-03-21 08:53:03 [main] INFO  o.h.e.t.j.p.i.JtaPlatformInitiator - HHH000489: No JTA platform available (set 'hibernate.transaction.jta.platform' to enable JTA platform integration)
2026-03-21 08:53:03 [main] DEBUG org.hibernate.SQL - 
    create table supplies (
        id bigint generated by default as identity,
        created_at timestamp(6),
        is_deleted boolean not null,
        name varchar(255) not null,
        provider varchar(255),
        quantity integer not null,
        specification varchar(255),
        unit varchar(255),
        updated_at timestamp(6),
        primary key (id)
    )
2026-03-21 08:53:03 [main] DEBUG org.hibernate.SQL - 
    create table transactions (
        id bigint generated by default as identity,
        amount integer not null,
        created_at timestamp(6),
        quantity_after integer not null,
        quantity_before integer not null,
        type varchar(255) not null check (type in ('IMPORT','EXPORT')),
        supply_id bigint not null,
        primary key (id)
    )
2026-03-21 08:53:03 [main] DEBUG org.hibernate.SQL - 
    alter table if exists transactions 
       add constraint FKsnowci9jgh3329vv3la2c0niv 
       foreign key (supply_id) 
       references supplies
2026-03-21 08:53:03 [main] INFO  o.s.o.j.LocalContainerEntityManagerFactoryBean - Initialized JPA EntityManagerFactory for persistence unit 'default'
2026-03-21 08:53:04 [main] INFO  o.s.d.j.r.query.QueryEnhancerFactory - Hibernate is in classpath; If applicable, HQL parser will be used.
2026-03-21 08:53:05 [main] WARN  o.s.b.a.o.j.JpaBaseConfiguration$JpaWebConfiguration - spring.jpa.open-in-view is enabled by default. Therefore, database queries may be performed during view rendering. Explicitly configure spring.jpa.open-in-view to disable this warning
2026-03-21 08:53:05 [main] INFO  o.a.coyote.http11.Http11NioProtocol - Starting ProtocolHandler ["http-nio-8080"]
2026-03-21 08:53:05 [main] WARN  o.s.b.w.s.c.AnnotationConfigServletWebServerApplicationContext - Exception encountered during context initialization - cancelling refresh attempt: org.springframework.context.ApplicationContextException: Failed to start bean 'webServerStartStop'
2026-03-21 08:53:05 [main] INFO  o.s.o.j.LocalContainerEntityManagerFactoryBean - Closing JPA EntityManagerFactory for persistence unit 'default'
2026-03-21 08:53:05 [main] INFO  com.zaxxer.hikari.HikariDataSource - HikariPool-1 - Shutdown initiated...
2026-03-21 08:53:05 [main] INFO  com.zaxxer.hikari.HikariDataSource - HikariPool-1 - Shutdown completed.
2026-03-21 08:53:05 [main] INFO  o.s.b.a.l.ConditionEvaluationReportLogger - 

Error starting ApplicationContext. To display the condition evaluation report re-run your application with 'debug' enabled.
2026-03-21 08:53:05 [main] ERROR o.s.b.d.LoggingFailureAnalysisReporter - 

***************************
APPLICATION FAILED TO START
***************************

Description:

Web server failed to start. Port 8080 was already in use.

Action:

Identify and stop the process that's listening on port 8080 or configure this application to listen on another port.

